# JRE version: OpenJDK Runtime Environment (17.0.7) (build 17.0.7+0-b2043.56-10550314)
# Java VM: OpenJDK 64-Bit Server VM (17.0.7+0-b2043.56-10550314, mixed mode, tiered, compressed oops, compressed class ptrs, g1 gc, windows-amd64)
GC Precious Log:
 CPUs: 8 total, 8 available
 Memory: 16171M
 Large Page Support: Disabled
 NUMA Support: Disabled
 Compressed Oops: Enabled (32-bit)
 Heap Region Size: 1M
 Heap Min Capacity: 8M
 Heap Initial Capacity: 254M
 Heap Max Capacity: 2G
 Pre-touch: Disabled
 Parallel Workers: 8
 Concurrent Workers: 2
 Concurrent Refinement Workers: 8
 Periodic GC: Disabled
Heap:
 garbage-first heap   total 209920K, used 151307K [0x0000000080000000, 0x0000000100000000)
  region size 1024K, 9 young (9216K), 5 survivors (5120K)
 Metaspace       used 130833K, committed 131712K, reserved 1179648K
  class space    used 18444K, committed 18880K, reserved 1048576K
GC Heap History (20 events):
Event: 28.753 GC heap before
{Heap before GC invocations=48 (full 0):
 garbage-first heap   total 206848K, used 167502K [0x0000000080000000, 0x0000000100000000)
  region size 1024K, 77 young (78848K), 10 survivors (10240K)
 Metaspace       used 104226K, committed 104960K, reserved 1179648K
  class space    used 14429K, committed 14784K, reserved 1048576K
}
Event: 28.772 GC heap after
{Heap after GC invocations=49 (full 0):
 garbage-first heap   total 206848K, used 109481K [0x0000000080000000, 0x0000000100000000)
  region size 1024K, 10 young (10240K), 10 survivors (10240K)
 Metaspace       used 104226K, committed 104960K, reserved 1179648K
  class space    used 14429K, committed 14784K, reserved 1048576K
}
Event: 29.671 GC heap before
{Heap before GC invocations=49 (full 0):
 garbage-first heap   total 206848K, used 165801K [0x0000000080000000, 0x0000000100000000)
  region size 1024K, 66 young (67584K), 10 survivors (10240K)
 Metaspace       used 104816K, committed 105536K, reserved 1179648K
  class space    used 14468K, committed 14848K, reserved 1048576K
}
Event: 29.686 GC heap after
{Heap after GC invocations=50 (full 0):
 garbage-first heap   total 206848K, used 113664K [0x0000000080000000, 0x0000000100000000)
  region size 1024K, 6 young (6144K), 6 survivors (6144K)
 Metaspace       used 104816K, committed 105536K, reserved 1179648K
  class space    used 14468K, committed 14848K, reserved 1048576K
}
Event: 30.306 GC heap before
{Heap before GC invocations=50 (full 0):
 garbage-first heap   total 206848K, used 166912K [0x0000000080000000, 0x0000000100000000)
  region size 1024K, 59 young (60416K), 6 survivors (6144K)
 Metaspace       used 105258K, committed 105984K, reserved 1179648K
  class space    used 14511K, committed 14848K, reserved 1048576K
}
Event: 30.314 GC heap after
{Heap after GC invocations=51 (full 0):
 garbage-first heap   total 206848K, used 117914K [0x0000000080000000, 0x0000000100000000)
  region size 1024K, 6 young (6144K), 6 survivors (6144K)
 Metaspace       used 105258K, committed 105984K, reserved 1179648K
  class space    used 14511K, committed 14848K, reserved 1048576K
}
Event: 31.264 GC heap before
{Heap before GC invocations=51 (full 0):
 garbage-first heap   total 206848K, used 168090K [0x0000000080000000, 0x0000000100000000)
  region size 1024K, 56 young (57344K), 6 survivors (6144K)
 Metaspace       used 108264K, committed 108992K, reserved 1179648K
  class space    used 14886K, committed 15232K, reserved 1048576K
}
Event: 31.277 GC heap after
{Heap after GC invocations=52 (full 0):
 garbage-first heap   total 206848K, used 122376K [0x0000000080000000, 0x0000000100000000)
  region size 1024K, 6 young (6144K), 6 survivors (6144K)
 Metaspace       used 108264K, committed 108992K, reserved 1179648K
  class space    used 14886K, committed 15232K, reserved 1048576K
}
Event: 34.108 GC heap before
{Heap before GC invocations=52 (full 0):
 garbage-first heap   total 206848K, used 168456K [0x0000000080000000, 0x0000000100000000)
  region size 1024K, 52 young (53248K), 6 survivors (6144K)
 Metaspace       used 109718K, committed 110528K, reserved 1179648K
  class space    used 15116K, committed 15552K, reserved 1048576K
}
Event: 34.123 GC heap after
{Heap after GC invocations=53 (full 0):
 garbage-first heap   total 206848K, used 125993K [0x0000000080000000, 0x0000000100000000)
  region size 1024K, 5 young (5120K), 5 survivors (5120K)
 Metaspace       used 109718K, committed 110528K, reserved 1179648K
  class space    used 15116K, committed 15552K, reserved 1048576K
}
Event: 47.900 GC heap before
{Heap before GC invocations=53 (full 0):
 garbage-first heap   total 206848K, used 175145K [0x0000000080000000, 0x0000000100000000)
  region size 1024K, 49 young (50176K), 5 survivors (5120K)
 Metaspace       used 112177K, committed 113024K, reserved 1179648K
  class space    used 15401K, committed 15808K, reserved 1048576K
}
Event: 47.910 GC heap after
{Heap after GC invocations=54 (full 0):
 garbage-first heap   total 206848K, used 130108K [0x0000000080000000, 0x0000000100000000)
  region size 1024K, 5 young (5120K), 5 survivors (5120K)
 Metaspace       used 112177K, committed 113024K, reserved 1179648K
  class space    used 15401K, committed 15808K, reserved 1048576K
}
Event: 48.733 GC heap before
{Heap before GC invocations=54 (full 0):
 garbage-first heap   total 206848K, used 171068K [0x0000000080000000, 0x0000000100000000)
  region size 1024K, 46 young (47104K), 5 survivors (5120K)
 Metaspace       used 117431K, committed 118336K, reserved 1179648K
  class space    used 16191K, committed 16640K, reserved 1048576K
}
Event: 48.743 GC heap after
{Heap after GC invocations=55 (full 0):
 garbage-first heap   total 206848K, used 131978K [0x0000000080000000, 0x0000000100000000)
  region size 1024K, 2 young (2048K), 2 survivors (2048K)
 Metaspace       used 117431K, committed 118336K, reserved 1179648K
  class space    used 16191K, committed 16640K, reserved 1048576K
}
Event: 49.423 GC heap before
{Heap before GC invocations=55 (full 0):
 garbage-first heap   total 206848K, used 173962K [0x0000000080000000, 0x0000000100000000)
  region size 1024K, 44 young (45056K), 2 survivors (2048K)
 Metaspace       used 123546K, committed 124480K, reserved 1179648K
  class space    used 17196K, committed 17664K, reserved 1048576K
}
Event: 49.428 GC heap after
{Heap after GC invocations=56 (full 0):
 garbage-first heap   total 206848K, used 132934K [0x0000000080000000, 0x0000000100000000)
  region size 1024K, 3 young (3072K), 3 survivors (3072K)
 Metaspace       used 123546K, committed 124480K, reserved 1179648K
  class space    used 17196K, committed 17664K, reserved 1048576K
}
Event: 49.941 GC heap before
{Heap before GC invocations=56 (full 0):
 garbage-first heap   total 206848K, used 174918K [0x0000000080000000, 0x0000000100000000)
  region size 1024K, 45 young (46080K), 3 survivors (3072K)
 Metaspace       used 127878K, committed 128768K, reserved 1179648K
  class space    used 17994K, committed 18432K, reserved 1048576K
}
Event: 49.946 GC heap after
{Heap after GC invocations=57 (full 0):
 garbage-first heap   total 206848K, used 133391K [0x0000000080000000, 0x0000000100000000)
  region size 1024K, 4 young (4096K), 4 survivors (4096K)
 Metaspace       used 127878K, committed 128768K, reserved 1179648K
  class space    used 17994K, committed 18432K, reserved 1048576K
}
Event: 50.637 GC heap before
{Heap before GC invocations=57 (full 0):
 garbage-first heap   total 206848K, used 174351K [0x0000000080000000, 0x0000000100000000)
  region size 1024K, 36 young (36864K), 4 survivors (4096K)
 Metaspace       used 130530K, committed 131456K, reserved 1179648K
  class space    used 18397K, committed 18880K, reserved 1048576K
}
Event: 50.647 GC heap after
{Heap after GC invocations=58 (full 0):
 garbage-first heap   total 206848K, used 146187K [0x0000000080000000, 0x0000000100000000)
  region size 1024K, 5 young (5120K), 5 survivors (5120K)
 Metaspace       used 130530K, committed 131456K, reserved 1179648K
  class space    used 18397K, committed 18880K, reserved 1048576K
}

